TATO_VERZE: EXK001.015.009

NAZEV_SCHEMATU: EXK

Session altered.


Session altered.

Čas spuštění: 06.11.2014 08:17:47
Skript spuštěn uživatelem EXK na databázi IPA.CSSZ.CZ

PL/SQL procedure successfully completed.

ISM.001.002.109 - HRZ - analyza dotazu pro vyber OS

       Y0_
----------
     77029

1 row selected.


Execution Plan
----------------------------------------------------------
Plan hash value: 2435507484

------------------------------------------------------------------------------------------------------------------------------
| Id  | Operation                                | Name                      | Rows  | Bytes |TempSpc| Cost (%CPU)| Time     |
------------------------------------------------------------------------------------------------------------------------------
|   0 | SELECT STATEMENT                         |                           |     1 |    71 |       |  4185   (6)| 00:00:11 |
|   1 |  SORT GROUP BY                           |                           |     1 |    71 |       |            |          |
|*  2 |   FILTER                                 |                           |       |       |       |            |          |
|*  3 |    HASH JOIN                             |                           |   305K|    20M|    10M|  4185   (6)| 00:00:11 |
|*  4 |     TABLE ACCESS BY INDEX ROWID          | EXK_OBSTAVKOVA_SLOZKA     |   376K|  5881K|       |   503   (1)| 00:00:02 |
|*  5 |      INDEX RANGE SCAN                    | FI_OBSTAVKOVA_SLOZKA_2    |   981K|       |       |    20   (5)| 00:00:01 |
|*  6 |     FILTER                               |                           |       |       |       |            |          |
|*  7 |      HASH JOIN RIGHT OUTER               |                           |   244K|    12M|  8792K|  3066   (7)| 00:00:08 |
|*  8 |       TABLE ACCESS FULL                  | EXK_OBSTAVKOVA_SL_TR      |   345K|  4729K|       |   603   (8)| 00:00:02 |
|*  9 |       HASH JOIN RIGHT OUTER              |                           |   316K|    12M|  8792K|  1871   (7)| 00:00:05 |
|  10 |        TABLE ACCESS FULL                 | EXK_REF_OBSTAVKOVA_SL_TR  |   345K|  4729K|       |   250   (7)| 00:00:01 |
|* 11 |        HASH JOIN                         |                           |   315K|  8327K|  7392K|  1126   (8)| 00:00:03 |
|* 12 |         TABLE ACCESS FULL                | EXK_REF_OBSTAVKOVA_SLOZKA |   302K|  3839K|       |   439   (9)| 00:00:02 |
|  13 |         TABLE ACCESS FULL                | EXK_REF_OBSTAVKOVA_SL_APR |   345K|  4729K|       |   296   (6)| 00:00:01 |
|* 14 |    TABLE ACCESS BY INDEX ROWID           | EXK_DAVKA                 |     1 |    26 |       |     1   (0)| 00:00:01 |
|* 15 |     INDEX RANGE SCAN                     | FI_DAVKA_1                |     7 |       |       |     1   (0)| 00:00:01 |
|* 16 |     TABLE ACCESS BY INDEX ROWID          | EXK_DAVKA                 |     1 |    26 |       |     1   (0)| 00:00:01 |
|  17 |      NESTED LOOPS                        |                           |     1 |    68 |       |     5   (0)| 00:00:01 |
|  18 |       NESTED LOOPS                       |                           |     2 |    84 |       |     4   (0)| 00:00:01 |
|  19 |        NESTED LOOPS                      |                           |     2 |    70 |       |     3   (0)| 00:00:01 |
|  20 |         NESTED LOOPS                     |                           |     1 |    21 |       |     2   (0)| 00:00:01 |
|  21 |          TABLE ACCESS BY INDEX ROWID     | EXK_REF_OBSTAVKOVA_SL_APR |     1 |    14 |       |     1   (0)| 00:00:01 |
|* 22 |           INDEX UNIQUE SCAN              | UI_REF_OBSTAVKOVA_SL_APR  |     1 |       |       |     1   (0)| 00:00:01 |
|* 23 |          INDEX UNIQUE SCAN               | PK_REF_OBSTAVKOVA_SLOZKA  |     1 |     7 |       |     1   (0)| 00:00:01 |
|  24 |         TABLE ACCESS BY INDEX ROWID      | EXK_SIROTEK               |     2 |    28 |       |     1   (0)| 00:00:01 |
|* 25 |          INDEX RANGE SCAN                | FI_SIROTEK_1              |     2 |       |       |     1   (0)| 00:00:01 |
|* 26 |        INDEX UNIQUE SCAN                 | PK_REF_OBSTAVKOVA_SLOZKA  |     1 |     7 |       |     1   (0)| 00:00:01 |
|* 27 |       INDEX RANGE SCAN                   | FI_DAVKA_1                |     7 |       |       |     1   (0)| 00:00:01 |
|  28 |      NESTED LOOPS                        |                           |     1 |    70 |       |     5   (0)| 00:00:01 |
|  29 |       NESTED LOOPS                       |                           |     1 |    60 |       |     4   (0)| 00:00:01 |
|  30 |        NESTED LOOPS                      |                           |     5 |   175 |       |     3   (0)| 00:00:01 |
|  31 |         NESTED LOOPS                     |                           |     1 |    21 |       |     2   (0)| 00:00:01 |
|* 32 |          INDEX UNIQUE SCAN               | PK_REF_OBSTAVKOVA_SLOZKA  |     1 |     7 |       |     1   (0)| 00:00:01 |
|  33 |          TABLE ACCESS BY INDEX ROWID     | EXK_REF_OBSTAVKOVA_SL_APR |     1 |    14 |       |     1   (0)| 00:00:01 |
|* 34 |           INDEX UNIQUE SCAN              | UI_REF_OBSTAVKOVA_SL_APR  |     1 |       |       |     1   (0)| 00:00:01 |
|  35 |         TABLE ACCESS BY INDEX ROWID      | EXK_SADA_PODKLADU         |     5 |    70 |       |     1   (0)| 00:00:01 |
|* 36 |          INDEX RANGE SCAN                | FI_SADA_PODKLADU_1        |     5 |       |       |     1   (0)| 00:00:01 |
|* 37 |        TABLE ACCESS BY INDEX ROWID       | EXK_PRIKAZ_VYP            |     1 |    25 |       |     1   (0)| 00:00:01 |
|* 38 |         INDEX RANGE SCAN                 | FI_PRIKAZ_VYP_3           |     4 |       |       |     1   (0)| 00:00:01 |
|* 39 |       TABLE ACCESS BY INDEX ROWID        | EXK_PODKLAD_VYPLATY       |     1 |    10 |       |     1   (0)| 00:00:01 |
|* 40 |        INDEX UNIQUE SCAN                 | PK_PODKLAD_VYPLATY        |     1 |       |       |     1   (0)| 00:00:01 |
|  41 |        NESTED LOOPS                      |                           |     3 |   210 |       |     5   (0)| 00:00:01 |
|  42 |         NESTED LOOPS                     |                           |     3 |   180 |       |     4   (0)| 00:00:01 |
|  43 |          NESTED LOOPS                    |                           |     5 |   175 |       |     3   (0)| 00:00:01 |
|  44 |           NESTED LOOPS                   |                           |     1 |    21 |       |     2   (0)| 00:00:01 |
|* 45 |            INDEX UNIQUE SCAN             | PK_REF_OBSTAVKOVA_SLOZKA  |     1 |     7 |       |     1   (0)| 00:00:01 |
|  46 |            TABLE ACCESS BY INDEX ROWID   | EXK_REF_OBSTAVKOVA_SL_APR |     1 |    14 |       |     1   (0)| 00:00:01 |
|* 47 |             INDEX UNIQUE SCAN            | UI_REF_OBSTAVKOVA_SL_APR  |     1 |       |       |     1   (0)| 00:00:01 |
|  48 |           TABLE ACCESS BY INDEX ROWID    | EXK_SADA_PODKLADU         |     5 |    70 |       |     1   (0)| 00:00:01 |
|* 49 |            INDEX RANGE SCAN              | FI_SADA_PODKLADU_1        |     5 |       |       |     1   (0)| 00:00:01 |
|* 50 |          TABLE ACCESS BY INDEX ROWID     | EXK_PRIKAZ_VYP            |     1 |    25 |       |     1   (0)| 00:00:01 |
|* 51 |           INDEX RANGE SCAN               | FI_PRIKAZ_VYP_3           |     4 |       |       |     1   (0)| 00:00:01 |
|* 52 |         TABLE ACCESS BY INDEX ROWID      | EXK_PODKLAD_VYPLATY       |     1 |    10 |       |     1   (0)| 00:00:01 |
|* 53 |          INDEX UNIQUE SCAN               | PK_PODKLAD_VYPLATY        |     1 |       |       |     1   (0)| 00:00:01 |
|* 54 |          FILTER                          |                           |       |       |       |            |          |
|  55 |           NESTED LOOPS                   |                           |     9 |   684 |       |     5   (0)| 00:00:01 |
|  56 |            NESTED LOOPS                  |                           |     9 |   594 |       |     4   (0)| 00:00:01 |
|  57 |             NESTED LOOPS                 |                           |     5 |   175 |       |     3   (0)| 00:00:01 |
|  58 |              NESTED LOOPS                |                           |     1 |    21 |       |     2   (0)| 00:00:01 |
|* 59 |               INDEX UNIQUE SCAN          | PK_REF_OBSTAVKOVA_SLOZKA  |     1 |     7 |       |     1   (0)| 00:00:01 |
|  60 |               TABLE ACCESS BY INDEX ROWID| EXK_REF_OBSTAVKOVA_SL_APR |     1 |    14 |       |     1   (0)| 00:00:01 |
|* 61 |                INDEX UNIQUE SCAN         | UI_REF_OBSTAVKOVA_SL_APR  |     1 |       |       |     1   (0)| 00:00:01 |
|  62 |              TABLE ACCESS BY INDEX ROWID | EXK_SADA_PODKLADU         |     5 |    70 |       |     1   (0)| 00:00:01 |
|* 63 |               INDEX RANGE SCAN           | FI_SADA_PODKLADU_1        |     5 |       |       |     1   (0)| 00:00:01 |
|* 64 |             TABLE ACCESS BY INDEX ROWID  | EXK_PRIKAZ_VYP            |     2 |    62 |       |     1   (0)| 00:00:01 |
|* 65 |              INDEX RANGE SCAN            | FI_PRIKAZ_VYP_3           |     4 |       |       |     1   (0)| 00:00:01 |
|* 66 |            TABLE ACCESS BY INDEX ROWID   | EXK_PODKLAD_VYPLATY       |     1 |    10 |       |     1   (0)| 00:00:01 |
|* 67 |             INDEX UNIQUE SCAN            | PK_PODKLAD_VYPLATY        |     1 |       |       |     1   (0)| 00:00:01 |
|  68 |           NESTED LOOPS                   |                           |     1 |    41 |       |     2   (0)| 00:00:01 |
|* 69 |            TABLE ACCESS BY INDEX ROWID   | EXK_PRIKAZ_VYP            |     1 |    31 |       |     1   (0)| 00:00:01 |
|* 70 |             INDEX RANGE SCAN             | I_EXK_PRIKAZ_VYP_2        |     2 |       |       |     1   (0)| 00:00:01 |
|* 71 |            TABLE ACCESS BY INDEX ROWID   | EXK_PODKLAD_VYPLATY       |     1 |    10 |       |     1   (0)| 00:00:01 |
|* 72 |             INDEX UNIQUE SCAN            | PK_PODKLAD_VYPLATY        |     1 |       |       |     1   (0)| 00:00:01 |
------------------------------------------------------------------------------------------------------------------------------

Predicate Information (identified by operation id):
---------------------------------------------------

   2 - filter(( EXISTS (SELECT 0 FROM "EXK"."EXK_DAVKA" "THIS_" WHERE "THIS_"."ID_REF_OBSTAVKOVA_SLOZKA"=:B1 AND
              ("THIS_"."NAROK_DO" IS NULL OR "THIS_"."NAROK_DO">=TO_DATE(' 2014-11-04 00:00:00', 'syyyy-mm-dd hh24:mi:ss')) AND
              "THIS_"."NAROK_OD"<=TO_DATE(' 2014-11-04 00:00:00', 'syyyy-mm-dd hh24:mi:ss') AND "THIS_"."SPLATNOST">=2 AND
              "THIS_"."SPLATNOST"<=24) OR  EXISTS (SELECT 0 FROM "EXK"."EXK_DAVKA" "SIDA4_","EXK"."EXK_REF_OBSTAVKOVA_SLOZKA"
              "SIROS3_","EXK"."EXK_SIROTEK" "SIR2_","EXK"."EXK_REF_OBSTAVKOVA_SL_APR" "ROSA1_","EXK"."EXK_REF_OBSTAVKOVA_SLOZKA"
              "ROS_" WHERE "ROS_"."ID_REF_OBSTAVKOVA_SLOZKA"=:B2 AND "ROSA1_"."ID_REF_OBSTAVKOVA_SLOZKA"=:B3 AND
              "SIR2_"."ID_REF_OBSTAVKOVA_SL_APR"="ROSA1_"."ID_REF_OBSTAVKOVA_SL_APR" AND
              "SIR2_"."SIROTCI_OS"="SIROS3_"."ID_REF_OBSTAVKOVA_SLOZKA" AND
              "SIDA4_"."ID_REF_OBSTAVKOVA_SLOZKA"="SIROS3_"."ID_REF_OBSTAVKOVA_SLOZKA" AND ("SIDA4_"."NAROK_DO" IS NULL OR
              "SIDA4_"."NAROK_DO">=TO_DATE(' 2014-11-04 00:00:00', 'syyyy-mm-dd hh24:mi:ss')) AND "SIDA4_"."NAROK_OD"<=TO_DATE('
              2014-11-04 00:00:00', 'syyyy-mm-dd hh24:mi:ss') AND "SIDA4_"."SPLATNOST">=2 AND "SIDA4_"."SPLATNOST"<=24)) AND (
              EXISTS (SELECT 0 FROM "EXK"."EXK_REF_OBSTAVKOVA_SLOZKA" "ROS3_","EXK"."EXK_REF_OBSTAVKOVA_SL_APR"
              "ROSA2_","EXK"."EXK_SADA_PODKLADU" "SP1_","EXK"."EXK_PODKLAD_VYPLATY" "P4_","EXK"."EXK_PRIKAZ_VYP" "PV_" WHERE
              "PV_"."ID_SADA_PODKLADU"="SP1_"."ID_SADA_PODKLADU" AND "PV_"."ZMENA_OD">=TO_DATE(' 2014-12-01 00:00:00', 'syyyy-mm-dd
              hh24:mi:ss') AND ("PV_"."TYP_PRIKAZU_VYP"=1 OR "PV_"."TYP_PRIKAZU_VYP"=4 OR "PV_"."TYP_PRIKAZU_VYP"=5 OR
              "PV_"."TYP_PRIKAZU_VYP"=8 OR "PV_"."TYP_PRIKAZU_VYP"=9 OR "PV_"."TYP_PRIKAZU_VYP"=10 OR "PV_"."TYP_PRIKAZU_VYP"=11 OR
              "PV_"."TYP_PRIKAZU_VYP"=12 OR "PV_"."TYP_PRIKAZU_VYP"=13 OR "PV_"."TYP_PRIKAZU_VYP"=14 OR "PV_"."TYP_PRIKAZU_VYP"=15)
              AND "PV_"."ID_PODKLAD_VYPLATY"="P4_"."ID_PODKLAD_VYPLATY" AND ("P4_"."STAV_VYST_DOKUMENTU"=6 OR
              "P4_"."STAV_VYST_DOKUMENTU"=13 OR "P4_"."STAV_VYST_DOKUMENTU"=14 OR "P4_"."STAV_VYST_DOKUMENTU"=15 OR
              "P4_"."STAV_VYST_DOKUMENTU"=16 OR "P4_"."STAV_VYST_DOKUMENTU"=17) AND
              "SP1_"."ID_REF_OBSTAVKOVA_SL_APR"="ROSA2_"."ID_REF_OBSTAVKOVA_SL_APR" AND "ROSA2_"."ID_REF_OBSTAVKOVA_SLOZKA"=:B4 AND
              "ROS3_"."ID_REF_OBSTAVKOVA_SLOZKA"=:B5) OR  EXISTS (SELECT 0 FROM "EXK"."EXK_REF_OBSTAVKOVA_SLOZKA"
              "ROS3_","EXK"."EXK_REF_OBSTAVKOVA_SL_APR" "ROSA2_","EXK"."EXK_SADA_PODKLADU" "SP1_","EXK"."EXK_PODKLAD_VYPLATY"
              "P4_","EXK"."EXK_PRIKAZ_VYP" "PV_" WHERE "PV_"."ID_SADA_PODKLADU"="SP1_"."ID_SADA_PODKLADU" AND
              "PV_"."ZMENA_OD">=TO_DATE(' 2014-12-01 00:00:00', 'syyyy-mm-dd hh24:mi:ss') AND ("PV_"."TYP_PRIKAZU_VYP"=2 OR
              "PV_"."TYP_PRIKAZU_VYP"=6) AND "PV_"."ID_PODKLAD_VYPLATY"="P4_"."ID_PODKLAD_VYPLATY" AND
              ("P4_"."STAV_VYST_DOKUMENTU"=6 OR "P4_"."STAV_VYST_DOKUMENTU"=13 OR "P4_"."STAV_VYST_DOKUMENTU"=14 OR
              "P4_"."STAV_VYST_DOKUMENTU"=15 OR "P4_"."STAV_VYST_DOKUMENTU"=16 OR "P4_"."STAV_VYST_DOKUMENTU"=17) AND
              "SP1_"."ID_REF_OBSTAVKOVA_SL_APR"="ROSA2_"."ID_REF_OBSTAVKOVA_SL_APR" AND "ROSA2_"."ID_REF_OBSTAVKOVA_SLOZKA"=:B6 AND
              "ROS3_"."ID_REF_OBSTAVKOVA_SLOZKA"=:B7) OR  EXISTS (SELECT 0 FROM "EXK"."EXK_REF_OBSTAVKOVA_SLOZKA"
              "ROS3_","EXK"."EXK_REF_OBSTAVKOVA_SL_APR" "ROSA2_","EXK"."EXK_SADA_PODKLADU" "SP1_","EXK"."EXK_PODKLAD_VYPLATY"
              "P4_","EXK"."EXK_PRIKAZ_VYP" "SYS_ALIAS_1" WHERE  NOT EXISTS (SELECT 0 FROM "EXK"."EXK_PODKLAD_VYPLATY"
              "P2X1_","EXK"."EXK_PRIKAZ_VYP" "PV2_" WHERE "PV2_"."ID_DAVKY_SRAZKY"=:B8 AND ("PV2_"."TYP_PRIKAZU_VYP"=3 OR
              "PV2_"."TYP_PRIKAZU_VYP"=7) AND "PV2_"."ZMENA_OD"<=TO_DATE(' 2014-12-01 00:00:00', 'syyyy-mm-dd hh24:mi:ss') AND
              "PV2_"."ID_PODKLAD_VYPLATY"="P2X1_"."ID_PODKLAD_VYPLATY" AND ("P2X1_"."STAV_VYST_DOKUMENTU"=6 OR
              "P2X1_"."STAV_VYST_DOKUMENTU"=13 OR "P2X1_"."STAV_VYST_DOKUMENTU"=14 OR "P2X1_"."STAV_VYST_DOKUMENTU"=15 OR
              "P2X1_"."STAV_VYST_DOKUMENTU"=16 OR "P2X1_"."STAV_VYST_DOKUMENTU"=17)) AND
              "PV_"."ID_SADA_PODKLADU"="SP1_"."ID_SADA_PODKLADU" AND "PV_"."ZMENA_OD"<TO_DATE(' 2014-12-01 00:00:00', 'syyyy-mm-dd
              hh24:mi:ss') AND ("PV_"."TYP_PRIKAZU_VYP"=2 OR "PV_"."TYP_)
   3 - access("EXKOBSTAVK1_"."ID_REF_OBSTAVKOVA_SLOZKA"="THIS_"."ID_REF_OBSTAVKOVA_SLOZKA")
   4 - filter("EXKOBSTAVK1_"."DATUM_DO" IS NULL)
   5 - access("EXKOBSTAVK1_"."STAV_OS"=2)
   6 - filter("THIS_"."CLASS_TYPE"=3 OR "THIS_"."CLASS_TYPE"=2 AND "TROS4_"."UZAVRENA"=0)
   7 - access("REFTROS3_"."ID_REF_OBSTAVKOVA_SL_TR"="TROS4_"."ID_REF_OBSTAVKOVA_SL_TR"(+))
   8 - filter("TROS4_"."DATUM_DO"(+) IS NULL)
   9 - access("REFAPROS2_"."ID_REF_OBSTAVKOVA_SL_APR"="REFTROS3_"."ID_REF_OBSTAVKOVA_SL_APR"(+))
  11 - access("THIS_"."ID_REF_OBSTAVKOVA_SLOZKA"="REFAPROS2_"."ID_REF_OBSTAVKOVA_SLOZKA")
  12 - filter("THIS_"."UKONCENA"=0 AND ("THIS_"."CLASS_TYPE"=2 OR "THIS_"."CLASS_TYPE"=3) AND ("THIS_"."CLASS_TYPE"=2
              OR "THIS_"."CLASS_TYPE"=3))
  14 - filter(("THIS_"."NAROK_DO" IS NULL OR "THIS_"."NAROK_DO">=TO_DATE(' 2014-11-04 00:00:00', 'syyyy-mm-dd
              hh24:mi:ss')) AND "THIS_"."NAROK_OD"<=TO_DATE(' 2014-11-04 00:00:00', 'syyyy-mm-dd hh24:mi:ss') AND
              "THIS_"."SPLATNOST">=2 AND "THIS_"."SPLATNOST"<=24)
  15 - access("THIS_"."ID_REF_OBSTAVKOVA_SLOZKA"=:B1)
  16 - filter(("SIDA4_"."NAROK_DO" IS NULL OR "SIDA4_"."NAROK_DO">=TO_DATE(' 2014-11-04 00:00:00', 'syyyy-mm-dd
              hh24:mi:ss')) AND "SIDA4_"."NAROK_OD"<=TO_DATE(' 2014-11-04 00:00:00', 'syyyy-mm-dd hh24:mi:ss') AND
              "SIDA4_"."SPLATNOST">=2 AND "SIDA4_"."SPLATNOST"<=24)
  22 - access("ROSA1_"."ID_REF_OBSTAVKOVA_SLOZKA"=:B1)
  23 - access("ROS_"."ID_REF_OBSTAVKOVA_SLOZKA"=:B1)
  25 - access("SIR2_"."ID_REF_OBSTAVKOVA_SL_APR"="ROSA1_"."ID_REF_OBSTAVKOVA_SL_APR")
  26 - access("SIR2_"."SIROTCI_OS"="SIROS3_"."ID_REF_OBSTAVKOVA_SLOZKA")
  27 - access("SIDA4_"."ID_REF_OBSTAVKOVA_SLOZKA"="SIROS3_"."ID_REF_OBSTAVKOVA_SLOZKA")
  32 - access("ROS3_"."ID_REF_OBSTAVKOVA_SLOZKA"=:B1)
  34 - access("ROSA2_"."ID_REF_OBSTAVKOVA_SLOZKA"=:B1)
  36 - access("SP1_"."ID_REF_OBSTAVKOVA_SL_APR"="ROSA2_"."ID_REF_OBSTAVKOVA_SL_APR")
  37 - filter("PV_"."ZMENA_OD">=TO_DATE(' 2014-12-01 00:00:00', 'syyyy-mm-dd hh24:mi:ss') AND
              ("PV_"."TYP_PRIKAZU_VYP"=1 OR "PV_"."TYP_PRIKAZU_VYP"=4 OR "PV_"."TYP_PRIKAZU_VYP"=5 OR "PV_"."TYP_PRIKAZU_VYP"=8 OR
              "PV_"."TYP_PRIKAZU_VYP"=9 OR "PV_"."TYP_PRIKAZU_VYP"=10 OR "PV_"."TYP_PRIKAZU_VYP"=11 OR "PV_"."TYP_PRIKAZU_VYP"=12
              OR "PV_"."TYP_PRIKAZU_VYP"=13 OR "PV_"."TYP_PRIKAZU_VYP"=14 OR "PV_"."TYP_PRIKAZU_VYP"=15))
  38 - access("PV_"."ID_SADA_PODKLADU"="SP1_"."ID_SADA_PODKLADU")
  39 - filter("P4_"."STAV_VYST_DOKUMENTU"=6 OR "P4_"."STAV_VYST_DOKUMENTU"=13 OR "P4_"."STAV_VYST_DOKUMENTU"=14 OR
              "P4_"."STAV_VYST_DOKUMENTU"=15 OR "P4_"."STAV_VYST_DOKUMENTU"=16 OR "P4_"."STAV_VYST_DOKUMENTU"=17)
  40 - access("PV_"."ID_PODKLAD_VYPLATY"="P4_"."ID_PODKLAD_VYPLATY")
  45 - access("ROS3_"."ID_REF_OBSTAVKOVA_SLOZKA"=:B1)
  47 - access("ROSA2_"."ID_REF_OBSTAVKOVA_SLOZKA"=:B1)
  49 - access("SP1_"."ID_REF_OBSTAVKOVA_SL_APR"="ROSA2_"."ID_REF_OBSTAVKOVA_SL_APR")
  50 - filter("PV_"."ZMENA_OD">=TO_DATE(' 2014-12-01 00:00:00', 'syyyy-mm-dd hh24:mi:ss') AND
              ("PV_"."TYP_PRIKAZU_VYP"=2 OR "PV_"."TYP_PRIKAZU_VYP"=6))
  51 - access("PV_"."ID_SADA_PODKLADU"="SP1_"."ID_SADA_PODKLADU")
  52 - filter("P4_"."STAV_VYST_DOKUMENTU"=6 OR "P4_"."STAV_VYST_DOKUMENTU"=13 OR "P4_"."STAV_VYST_DOKUMENTU"=14 OR
              "P4_"."STAV_VYST_DOKUMENTU"=15 OR "P4_"."STAV_VYST_DOKUMENTU"=16 OR "P4_"."STAV_VYST_DOKUMENTU"=17)
  53 - access("PV_"."ID_PODKLAD_VYPLATY"="P4_"."ID_PODKLAD_VYPLATY")
  54 - filter( NOT EXISTS (SELECT 0 FROM "EXK"."EXK_PODKLAD_VYPLATY" "P2X1_","EXK"."EXK_PRIKAZ_VYP" "PV2_" WHERE
              "PV2_"."ID_DAVKY_SRAZKY"=:B1 AND ("PV2_"."TYP_PRIKAZU_VYP"=3 OR "PV2_"."TYP_PRIKAZU_VYP"=7) AND
              "PV2_"."ZMENA_OD"<=TO_DATE(' 2014-12-01 00:00:00', 'syyyy-mm-dd hh24:mi:ss') AND
              "PV2_"."ID_PODKLAD_VYPLATY"="P2X1_"."ID_PODKLAD_VYPLATY" AND ("P2X1_"."STAV_VYST_DOKUMENTU"=6 OR
              "P2X1_"."STAV_VYST_DOKUMENTU"=13 OR "P2X1_"."STAV_VYST_DOKUMENTU"=14 OR "P2X1_"."STAV_VYST_DOKUMENTU"=15 OR
              "P2X1_"."STAV_VYST_DOKUMENTU"=16 OR "P2X1_"."STAV_VYST_DOKUMENTU"=17)))
  59 - access("ROS3_"."ID_REF_OBSTAVKOVA_SLOZKA"=:B1)
  61 - access("ROSA2_"."ID_REF_OBSTAVKOVA_SLOZKA"=:B1)
  63 - access("SP1_"."ID_REF_OBSTAVKOVA_SL_APR"="ROSA2_"."ID_REF_OBSTAVKOVA_SL_APR")
  64 - filter("PV_"."ZMENA_OD"<TO_DATE(' 2014-12-01 00:00:00', 'syyyy-mm-dd hh24:mi:ss') AND
              ("PV_"."TYP_PRIKAZU_VYP"=2 OR "PV_"."TYP_PRIKAZU_VYP"=6))
  65 - access("PV_"."ID_SADA_PODKLADU"="SP1_"."ID_SADA_PODKLADU")
  66 - filter("P4_"."STAV_VYST_DOKUMENTU"=6 OR "P4_"."STAV_VYST_DOKUMENTU"=13 OR "P4_"."STAV_VYST_DOKUMENTU"=14 OR
              "P4_"."STAV_VYST_DOKUMENTU"=15 OR "P4_"."STAV_VYST_DOKUMENTU"=16 OR "P4_"."STAV_VYST_DOKUMENTU"=17)
  67 - access("PV_"."ID_PODKLAD_VYPLATY"="P4_"."ID_PODKLAD_VYPLATY")
  69 - filter(("PV2_"."TYP_PRIKAZU_VYP"=3 OR "PV2_"."TYP_PRIKAZU_VYP"=7) AND "PV2_"."ZMENA_OD"<=TO_DATE(' 2014-12-01
              00:00:00', 'syyyy-mm-dd hh24:mi:ss'))
  70 - access("PV2_"."ID_DAVKY_SRAZKY"=:B1)
  71 - filter("P2X1_"."STAV_VYST_DOKUMENTU"=6 OR "P2X1_"."STAV_VYST_DOKUMENTU"=13 OR "P2X1_"."STAV_VYST_DOKUMENTU"=14
              OR "P2X1_"."STAV_VYST_DOKUMENTU"=15 OR "P2X1_"."STAV_VYST_DOKUMENTU"=16 OR "P2X1_"."STAV_VYST_DOKUMENTU"=17)
  72 - access("PV2_"."ID_PODKLAD_VYPLATY"="P2X1_"."ID_PODKLAD_VYPLATY")

No errors.

Commit complete.

Dokonceni ...
Čas dokončení: 06.11.2014 08:30:27

PL/SQL procedure successfully completed.


************************************************************************
* KONEC - Skript skoncil bez chyb.                                     *
************************************************************************
